# JRE version: OpenJDK Runtime Environment (22.0.2+9) (build 22.0.2+9-70)
# Java VM: OpenJDK 64-Bit Server VM (22.0.2+9-70, mixed mode, sharing, tiered, compressed oops, compressed class ptrs, g1 gc, windows-amd64)
GC Precious Log:
 CardTable entry size: 512
 Card Set container configuration: InlinePtr #cards 4 size 8 Array Of Cards #cards 16 size 48 Howl #buckets 8 coarsen threshold 3686 Howl Bitmap #cards 512 size 80 coarsen threshold 460 Card regions per heap region 1 cards per card region 4096
 CPUs: 8 total, 8 available
 Memory: 12174M
 Large Page Support: Disabled
 NUMA Support: Disabled
 Compressed Oops: Enabled (Zero based)
 Heap Region Size: 2M
 Heap Min Capacity: 8M
 Heap Initial Capacity: 192M
 Heap Max Capacity: 3044M
 Pre-touch: Disabled
 Parallel Workers: 8
 Concurrent Workers: 2
 Concurrent Refinement Workers: 8
 Periodic GC: Disabled
Heap:
 garbage-first heap   total reserved 3117056K, committed 55296K, used 33076K [0x0000000741c00000, 0x0000000800000000)
  region size 2048K, 5 young (10240K), 2 survivors (4096K)
 Metaspace       used 61247K, committed 61824K, reserved 1114112K
  class space    used 8655K, committed 8896K, reserved 1048576K
GC Heap History (20 events):
Event: 1.882 GC heap before
{Heap before GC invocations=1 (full 0):
 garbage-first heap   total reserved 3117056K, committed 196608K, used 39189K [0x0000000741c00000, 0x0000000800000000)
  region size 2048K, 19 young (38912K), 2 survivors (4096K)
 Metaspace       used 15995K, committed 16256K, reserved 1114112K
  class space    used 1893K, committed 1984K, reserved 1048576K
}
Event: 1.889 GC heap after
{Heap after GC invocations=2 (full 0):
 garbage-first heap   total reserved 3117056K, committed 196608K, used 10173K [0x0000000741c00000, 0x0000000800000000)
  region size 2048K, 2 young (4096K), 2 survivors (4096K)
 Metaspace       used 15995K, committed 16256K, reserved 1114112K
  class space    used 1893K, committed 1984K, reserved 1048576K
}
Event: 2.755 GC heap before
{Heap before GC invocations=2 (full 0):
 garbage-first heap   total reserved 3117056K, committed 196608K, used 42941K [0x0000000741c00000, 0x0000000800000000)
  region size 2048K, 20 young (40960K), 2 survivors (4096K)
 Metaspace       used 21157K, committed 21504K, reserved 1114112K
  class space    used 2567K, committed 2752K, reserved 1048576K
}
Event: 2.762 GC heap after
{Heap after GC invocations=3 (full 0):
 garbage-first heap   total reserved 3117056K, committed 196608K, used 14138K [0x0000000741c00000, 0x0000000800000000)
  region size 2048K, 4 young (8192K), 4 survivors (8192K)
 Metaspace       used 21157K, committed 21504K, reserved 1114112K
  class space    used 2567K, committed 2752K, reserved 1048576K
}
Event: 3.487 GC heap before
{Heap before GC invocations=4 (full 0):
 garbage-first heap   total reserved 3117056K, committed 55296K, used 38714K [0x0000000741c00000, 0x0000000800000000)
  region size 2048K, 16 young (32768K), 4 survivors (8192K)
 Metaspace       used 24931K, committed 25344K, reserved 1114112K
  class space    used 3121K, committed 3328K, reserved 1048576K
}
Event: 3.495 GC heap after
{Heap after GC invocations=5 (full 0):
 garbage-first heap   total reserved 3117056K, committed 55296K, used 15323K [0x0000000741c00000, 0x0000000800000000)
  region size 2048K, 2 young (4096K), 2 survivors (4096K)
 Metaspace       used 24931K, committed 25344K, reserved 1114112K
  class space    used 3121K, committed 3328K, reserved 1048576K
}
Event: 4.130 GC heap before
{Heap before GC invocations=5 (full 0):
 garbage-first heap   total reserved 3117056K, committed 55296K, used 37851K [0x0000000741c00000, 0x0000000800000000)
  region size 2048K, 13 young (26624K), 2 survivors (4096K)
 Metaspace       used 29256K, committed 29760K, reserved 1114112K
  class space    used 3732K, committed 3968K, reserved 1048576K
}
Event: 4.135 GC heap after
{Heap after GC invocations=6 (full 0):
 garbage-first heap   total reserved 3117056K, committed 55296K, used 17779K [0x0000000741c00000, 0x0000000800000000)
  region size 2048K, 2 young (4096K), 2 survivors (4096K)
 Metaspace       used 29256K, committed 29760K, reserved 1114112K
  class space    used 3732K, committed 3968K, reserved 1048576K
}
Event: 4.698 GC heap before
{Heap before GC invocations=6 (full 0):
 garbage-first heap   total reserved 3117056K, committed 55296K, used 40307K [0x0000000741c00000, 0x0000000800000000)
  region size 2048K, 14 young (28672K), 2 survivors (4096K)
 Metaspace       used 33676K, committed 34240K, reserved 1114112K
  class space    used 4316K, committed 4544K, reserved 1048576K
}
Event: 4.705 GC heap after
{Heap after GC invocations=7 (full 0):
 garbage-first heap   total reserved 3117056K, committed 55296K, used 19746K [0x0000000741c00000, 0x0000000800000000)
  region size 2048K, 1 young (2048K), 1 survivors (2048K)
 Metaspace       used 33676K, committed 34240K, reserved 1114112K
  class space    used 4316K, committed 4544K, reserved 1048576K
}
Event: 4.871 GC heap before
{Heap before GC invocations=7 (full 0):
 garbage-first heap   total reserved 3117056K, committed 55296K, used 21794K [0x0000000741c00000, 0x0000000800000000)
  region size 2048K, 4 young (8192K), 1 survivors (2048K)
 Metaspace       used 35387K, committed 35968K, reserved 1114112K
  class space    used 4596K, committed 4864K, reserved 1048576K
}
Event: 4.874 GC heap after
{Heap after GC invocations=8 (full 0):
 garbage-first heap   total reserved 3117056K, committed 55296K, used 19878K [0x0000000741c00000, 0x0000000800000000)
  region size 2048K, 1 young (2048K), 1 survivors (2048K)
 Metaspace       used 35387K, committed 35968K, reserved 1114112K
  class space    used 4596K, committed 4864K, reserved 1048576K
}
Event: 6.105 GC heap before
{Heap before GC invocations=9 (full 0):
 garbage-first heap   total reserved 3117056K, committed 55296K, used 46502K [0x0000000741c00000, 0x0000000800000000)
  region size 2048K, 14 young (28672K), 1 survivors (2048K)
 Metaspace       used 43015K, committed 43648K, reserved 1114112K
  class space    used 5730K, committed 6016K, reserved 1048576K
}
Event: 6.109 GC heap after
{Heap after GC invocations=10 (full 0):
 garbage-first heap   total reserved 3117056K, committed 55296K, used 21710K [0x0000000741c00000, 0x0000000800000000)
  region size 2048K, 2 young (4096K), 2 survivors (4096K)
 Metaspace       used 43015K, committed 43648K, reserved 1114112K
  class space    used 5730K, committed 6016K, reserved 1048576K
}
Event: 6.739 GC heap before
{Heap before GC invocations=10 (full 0):
 garbage-first heap   total reserved 3117056K, committed 55296K, used 46286K [0x0000000741c00000, 0x0000000800000000)
  region size 2048K, 14 young (28672K), 2 survivors (4096K)
 Metaspace       used 50338K, committed 50944K, reserved 1114112K
  class space    used 6839K, committed 7104K, reserved 1048576K
}
Event: 6.746 GC heap after
{Heap after GC invocations=11 (full 0):
 garbage-first heap   total reserved 3117056K, committed 55296K, used 22712K [0x0000000741c00000, 0x0000000800000000)
  region size 2048K, 2 young (4096K), 2 survivors (4096K)
 Metaspace       used 50338K, committed 50944K, reserved 1114112K
  class space    used 6839K, committed 7104K, reserved 1048576K
}
Event: 7.264 GC heap before
{Heap before GC invocations=11 (full 0):
 garbage-first heap   total reserved 3117056K, committed 55296K, used 45240K [0x0000000741c00000, 0x0000000800000000)
  region size 2048K, 13 young (26624K), 2 survivors (4096K)
 Metaspace       used 55434K, committed 56000K, reserved 1114112K
  class space    used 7612K, committed 7872K, reserved 1048576K
}
Event: 7.268 GC heap after
{Heap after GC invocations=12 (full 0):
 garbage-first heap   total reserved 3117056K, committed 55296K, used 24110K [0x0000000741c00000, 0x0000000800000000)
  region size 2048K, 2 young (4096K), 2 survivors (4096K)
 Metaspace       used 55434K, committed 56000K, reserved 1114112K
  class space    used 7612K, committed 7872K, reserved 1048576K
}
Event: 7.885 GC heap before
{Heap before GC invocations=12 (full 0):
 garbage-first heap   total reserved 3117056K, committed 55296K, used 44590K [0x0000000741c00000, 0x0000000800000000)
  region size 2048K, 12 young (24576K), 2 survivors (4096K)
 Metaspace       used 59071K, committed 59712K, reserved 1114112K
  class space    used 8209K, committed 8512K, reserved 1048576K
}
Event: 7.890 GC heap after
{Heap after GC invocations=13 (full 0):
 garbage-first heap   total reserved 3117056K, committed 55296K, used 26545K [0x0000000741c00000, 0x0000000800000000)
  region size 2048K, 2 young (4096K), 2 survivors (4096K)
 Metaspace       used 59071K, committed 59712K, reserved 1114112K
  class space    used 8209K, committed 8512K, reserved 1048576K
}

