# JRE version: OpenJDK Runtime Environment (22.0.2+9) (build 22.0.2+9-70)
# Java VM: OpenJDK 64-Bit Server VM (22.0.2+9-70, mixed mode, sharing, tiered, compressed oops, compressed class ptrs, g1 gc, windows-amd64)
GC Precious Log:
 CardTable entry size: 512
 Card Set container configuration: InlinePtr #cards 4 size 8 Array Of Cards #cards 16 size 48 Howl #buckets 8 coarsen threshold 3686 Howl Bitmap #cards 512 size 80 coarsen threshold 460 Card regions per heap region 1 cards per card region 4096
 CPUs: 8 total, 8 available
 Memory: 12174M
 Large Page Support: Disabled
 NUMA Support: Disabled
 Compressed Oops: Enabled (Zero based)
 Heap Region Size: 2M
 Heap Min Capacity: 8M
 Heap Initial Capacity: 192M
 Heap Max Capacity: 3044M
 Pre-touch: Disabled
 Parallel Workers: 8
 Concurrent Workers: 2
 Concurrent Refinement Workers: 8
 Periodic GC: Disabled
Heap:
 garbage-first heap   total reserved 3117056K, committed 79872K, used 52620K [0x0000000741c00000, 0x0000000800000000)
  region size 2048K, 9 young (18432K), 2 survivors (4096K)
 Metaspace       used 79041K, committed 79872K, reserved 1179648K
  class space    used 11128K, committed 11520K, reserved 1048576K
GC Heap History (20 events):
Event: 8.024 GC heap before
{Heap before GC invocations=16 (full 0):
 garbage-first heap   total reserved 3117056K, committed 49152K, used 41295K [0x0000000741c00000, 0x0000000800000000)
  region size 2048K, 8 young (16384K), 1 survivors (2048K)
 Metaspace       used 56238K, committed 56832K, reserved 1114112K
  class space    used 7733K, committed 8000K, reserved 1048576K
}
Event: 8.027 GC heap after
{Heap after GC invocations=17 (full 0):
 garbage-first heap   total reserved 3117056K, committed 59392K, used 26755K [0x0000000741c00000, 0x0000000800000000)
  region size 2048K, 1 young (2048K), 1 survivors (2048K)
 Metaspace       used 56238K, committed 56832K, reserved 1114112K
  class space    used 7733K, committed 8000K, reserved 1048576K
}
Event: 8.615 GC heap before
{Heap before GC invocations=17 (full 0):
 garbage-first heap   total reserved 3117056K, committed 59392K, used 49283K [0x0000000741c00000, 0x0000000800000000)
  region size 2048K, 13 young (26624K), 1 survivors (2048K)
 Metaspace       used 60540K, committed 61248K, reserved 1114112K
  class space    used 8367K, committed 8704K, reserved 1048576K
}
Event: 8.618 GC heap after
{Heap after GC invocations=18 (full 0):
 garbage-first heap   total reserved 3117056K, committed 59392K, used 28122K [0x0000000741c00000, 0x0000000800000000)
  region size 2048K, 2 young (4096K), 2 survivors (4096K)
 Metaspace       used 60540K, committed 61248K, reserved 1114112K
  class space    used 8367K, committed 8704K, reserved 1048576K
}
Event: 9.640 GC heap before
{Heap before GC invocations=18 (full 0):
 garbage-first heap   total reserved 3117056K, committed 59392K, used 48602K [0x0000000741c00000, 0x0000000800000000)
  region size 2048K, 12 young (24576K), 2 survivors (4096K)
 Metaspace       used 63943K, committed 64576K, reserved 1114112K
  class space    used 8795K, committed 9088K, reserved 1048576K
}
Event: 9.644 GC heap after
{Heap after GC invocations=19 (full 0):
 garbage-first heap   total reserved 3117056K, committed 59392K, used 30347K [0x0000000741c00000, 0x0000000800000000)
  region size 2048K, 2 young (4096K), 2 survivors (4096K)
 Metaspace       used 63943K, committed 64576K, reserved 1114112K
  class space    used 8795K, committed 9088K, reserved 1048576K
}
Event: 10.132 GC heap before
{Heap before GC invocations=19 (full 0):
 garbage-first heap   total reserved 3117056K, committed 59392K, used 50827K [0x0000000741c00000, 0x0000000800000000)
  region size 2048K, 12 young (24576K), 2 survivors (4096K)
 Metaspace       used 65671K, committed 66368K, reserved 1114112K
  class space    used 9107K, committed 9408K, reserved 1048576K
}
Event: 10.138 GC heap after
{Heap after GC invocations=20 (full 0):
 garbage-first heap   total reserved 3117056K, committed 59392K, used 32203K [0x0000000741c00000, 0x0000000800000000)
  region size 2048K, 2 young (4096K), 2 survivors (4096K)
 Metaspace       used 65671K, committed 66368K, reserved 1114112K
  class space    used 9107K, committed 9408K, reserved 1048576K
}
Event: 10.438 GC heap before
{Heap before GC invocations=21 (full 0):
 garbage-first heap   total reserved 3117056K, committed 59392K, used 50635K [0x0000000741c00000, 0x0000000800000000)
  region size 2048K, 11 young (22528K), 2 survivors (4096K)
 Metaspace       used 66970K, committed 67648K, reserved 1114112K
  class space    used 9453K, committed 9728K, reserved 1048576K
}
Event: 10.443 GC heap after
{Heap after GC invocations=22 (full 0):
 garbage-first heap   total reserved 3117056K, committed 59392K, used 34365K [0x0000000741c00000, 0x0000000800000000)
  region size 2048K, 2 young (4096K), 2 survivors (4096K)
 Metaspace       used 66970K, committed 67648K, reserved 1114112K
  class space    used 9453K, committed 9728K, reserved 1048576K
}
Event: 10.647 GC heap before
{Heap before GC invocations=22 (full 0):
 garbage-first heap   total reserved 3117056K, committed 59392K, used 48701K [0x0000000741c00000, 0x0000000800000000)
  region size 2048K, 10 young (20480K), 2 survivors (4096K)
 Metaspace       used 68362K, committed 69056K, reserved 1114112K
  class space    used 9681K, committed 9984K, reserved 1048576K
}
Event: 10.653 GC heap after
{Heap after GC invocations=23 (full 0):
 garbage-first heap   total reserved 3117056K, committed 59392K, used 35354K [0x0000000741c00000, 0x0000000800000000)
  region size 2048K, 2 young (4096K), 2 survivors (4096K)
 Metaspace       used 68362K, committed 69056K, reserved 1114112K
  class space    used 9681K, committed 9984K, reserved 1048576K
}
Event: 10.938 GC heap before
{Heap before GC invocations=23 (full 0):
 garbage-first heap   total reserved 3117056K, committed 59392K, used 49690K [0x0000000741c00000, 0x0000000800000000)
  region size 2048K, 9 young (18432K), 2 survivors (4096K)
 Metaspace       used 69664K, committed 70464K, reserved 1114112K
  class space    used 9819K, committed 10176K, reserved 1048576K
}
Event: 10.943 GC heap after
{Heap after GC invocations=24 (full 0):
 garbage-first heap   total reserved 3117056K, committed 59392K, used 36605K [0x0000000741c00000, 0x0000000800000000)
  region size 2048K, 2 young (4096K), 2 survivors (4096K)
 Metaspace       used 69664K, committed 70464K, reserved 1114112K
  class space    used 9819K, committed 10176K, reserved 1048576K
}
Event: 11.152 GC heap before
{Heap before GC invocations=25 (full 0):
 garbage-first heap   total reserved 3117056K, committed 65536K, used 46845K [0x0000000741c00000, 0x0000000800000000)
  region size 2048K, 7 young (14336K), 2 survivors (4096K)
 Metaspace       used 70075K, committed 70848K, reserved 1114112K
  class space    used 9864K, committed 10240K, reserved 1048576K
}
Event: 11.156 GC heap after
{Heap after GC invocations=26 (full 0):
 garbage-first heap   total reserved 3117056K, committed 65536K, used 38094K [0x0000000741c00000, 0x0000000800000000)
  region size 2048K, 1 young (2048K), 1 survivors (2048K)
 Metaspace       used 70075K, committed 70848K, reserved 1114112K
  class space    used 9864K, committed 10240K, reserved 1048576K
}
Event: 11.581 GC heap before
{Heap before GC invocations=26 (full 0):
 garbage-first heap   total reserved 3117056K, committed 65536K, used 56526K [0x0000000741c00000, 0x0000000800000000)
  region size 2048K, 10 young (20480K), 1 survivors (2048K)
 Metaspace       used 72254K, committed 73024K, reserved 1114112K
  class space    used 10170K, committed 10496K, reserved 1048576K
}
Event: 11.585 GC heap after
{Heap after GC invocations=27 (full 0):
 garbage-first heap   total reserved 3117056K, committed 79872K, used 39973K [0x0000000741c00000, 0x0000000800000000)
  region size 2048K, 2 young (4096K), 2 survivors (4096K)
 Metaspace       used 72254K, committed 73024K, reserved 1114112K
  class space    used 10170K, committed 10496K, reserved 1048576K
}
Event: 27.729 GC heap before
{Heap before GC invocations=27 (full 0):
 garbage-first heap   total reserved 3117056K, committed 79872K, used 68645K [0x0000000741c00000, 0x0000000800000000)
  region size 2048K, 16 young (32768K), 2 survivors (4096K)
 Metaspace       used 75950K, committed 76672K, reserved 1179648K
  class space    used 10689K, committed 11008K, reserved 1048576K
}
Event: 27.736 GC heap after
{Heap after GC invocations=28 (full 0):
 garbage-first heap   total reserved 3117056K, committed 79872K, used 42380K [0x0000000741c00000, 0x0000000800000000)
  region size 2048K, 2 young (4096K), 2 survivors (4096K)
 Metaspace       used 75950K, committed 76672K, reserved 1179648K
  class space    used 10689K, committed 11008K, reserved 1048576K
}

